[2019-05-29T22:12:08Z, INFO] Initialization of Planning.
[2019-05-29T22:12:08Z, INFO] Initialization of TPlanning.
[2019-05-29T22:12:08Z, INFO] Initialization of Workers.
[2019-05-29T22:12:08Z, INFO] Initialization of Tasks.
[2019-05-29T22:12:08Z, INFO] Initialization of TTask.
[2019-05-29T22:12:08Z, INFO] Initialization of Skills.
[2019-05-29T22:12:08Z, INFO] Initialization of TSkill.
[2019-05-29T22:12:08Z, INFO] Initialization of Precedences.
[2019-05-29T22:12:08Z, INFO] Initialization of Precedence.
[2019-05-29T22:12:08Z, INFO] Initialization of Continuities.
[2019-05-29T22:12:08Z, INFO] Initialization of Continuity.
[2019-05-29T22:12:08Z, INFO] Initialization of Houses.
[2019-05-29T22:12:08Z, INFO] Initialization of wtasks.
[2019-05-29T22:12:08Z, INFO] Initialization of TaskPrecedences.
[2019-05-29T22:12:08Z, INFO] Initialization of TTAskPrecedence.
[2019-05-29T22:12:08Z, INFO] Initialization of tasks.
[2019-05-29T22:12:08Z, WARN] Effective number of workers to be used for solve has been updated to: '10' (original value was: '-1')
[2019-05-29T22:12:08Z, INFO]  ! ----------------------------------------------------------------------------
[2019-05-29T22:12:08Z, INFO]  ! Maximization problem - 33 variables, 36 constraints
[2019-05-29T22:12:08Z, INFO]  ! Presolve      : 4 extractables eliminated
[2019-05-29T22:12:08Z, INFO]  ! FailLimit            = 10000
[2019-05-29T22:12:08Z, INFO]  ! Workers              = 10
[2019-05-29T22:12:08Z, INFO]  ! Initial process time : 0.00s (0.00s extraction + 0.00s propagation)
[2019-05-29T22:12:08Z, INFO]  !  . Log search space  : 42.8 (before), 42.8 (after)
[2019-05-29T22:12:08Z, INFO]  !  . Memory usage      : 542.8 kB (before), 542.8 kB (after)
[2019-05-29T22:12:08Z, INFO]  ! Using parallel search with 10 workers.
[2019-05-29T22:12:08Z, INFO]  ! ----------------------------------------------------------------------------
[2019-05-29T22:12:08Z, INFO]  !          Best Branches  Non-fixed    W       Branch decision
[2019-05-29T22:12:08Z, INFO]                         0         33                 -
[2019-05-29T22:12:08Z, INFO]  + New bound is 77
[2019-05-29T22:12:08Z, INFO]  ! Using temporal relaxation.
[2019-05-29T22:12:08Z, INFO]                         0         30    1            -
[2019-05-29T22:12:08Z, INFO]  + New bound is 76
[2019-05-29T22:12:08Z, INFO]  *            76       10  0.04s        1      (gap is 0%)
[2019-05-29T22:12:08Z, INFO] Initialization of constructionPlan.
[2019-05-29T22:12:08Z, INFO] Initialization of THousePlan.
[2019-05-29T22:12:08Z, INFO] House: 1 --> Task: masonry - start: 0 ; end: 35
[2019-05-29T22:12:08Z, INFO] House: 1 --> Task: carpentry - start: 35 ; end: 50
[2019-05-29T22:12:08Z, INFO] House: 1 --> Task: plumbing - start: 35 ; end: 75
[2019-05-29T22:12:08Z, INFO] House: 1 --> Task: ceiling - start: 75 ; end: 90
[2019-05-29T22:12:08Z, INFO] House: 1 --> Task: roofing - start: 50 ; end: 55
[2019-05-29T22:12:08Z, INFO] House: 1 --> Task: painting - start: 90 ; end: 100
[2019-05-29T22:12:08Z, INFO] House: 1 --> Task: windows - start: 55 ; end: 60
[2019-05-29T22:12:08Z, INFO] House: 1 --> Task: facade - start: 75 ; end: 85
[2019-05-29T22:12:08Z, INFO] House: 1 --> Task: garden - start: 75 ; end: 80
[2019-05-29T22:12:08Z, INFO] House: 1 --> Task: moving - start: 100 ; end: 105
[2019-05-29T22:12:08Z, INFO] Initialization of workerPlan.
[2019-05-29T22:12:08Z, INFO] Initialization of TWorkerPlan.
[2019-05-29T22:12:08Z, INFO] Worker: Joe --> House: 1, Task: masonry - start: 0 ; end: 35
[2019-05-29T22:12:08Z, INFO] Worker: Joe --> House: 1, Task: carpentry - start: 35 ; end: 50
[2019-05-29T22:12:08Z, INFO] Worker: Joe --> House: 1, Task: roofing - start: 50 ; end: 55
[2019-05-29T22:12:08Z, INFO] Worker: Joe --> House: 1, Task: windows - start: 55 ; end: 60
[2019-05-29T22:12:08Z, INFO] Worker: Joe --> House: 1, Task: facade - start: 75 ; end: 85
[2019-05-29T22:12:08Z, INFO] Worker: Jack --> House: 1, Task: plumbing - start: 35 ; end: 75
[2019-05-29T22:12:08Z, INFO] Worker: Jack --> House: 1, Task: ceiling - start: 75 ; end: 90
[2019-05-29T22:12:08Z, INFO] Worker: Jack --> House: 1, Task: painting - start: 90 ; end: 100
[2019-05-29T22:12:08Z, INFO] Worker: Jim --> House: 1, Task: garden - start: 75 ; end: 80
[2019-05-29T22:12:08Z, INFO] Worker: Jim --> House: 1, Task: moving - start: 100 ; end: 105
[2019-05-29T22:12:09Z, INFO]  ! ----------------------------------------------------------------------------
[2019-05-29T22:12:09Z, INFO]  ! Search completed, 1 solution found.
[2019-05-29T22:12:09Z, INFO]  ! Best objective         : 76 (optimal - effective tol. is 0)
[2019-05-29T22:12:09Z, INFO]  ! Best bound             : 76
[2019-05-29T22:12:09Z, INFO]  ! Number of branches     : 12
[2019-05-29T22:12:09Z, INFO]  ! Number of fails        : 12
[2019-05-29T22:12:09Z, INFO]  ! Total memory usage     : 1.8 MB (1.3 MB CP Optimizer + 0.5 MB Concert)
[2019-05-29T22:12:09Z, INFO]  ! Time spent in solve    : 0.05s (0.05s engine + 0.00s extraction)
[2019-05-29T22:12:09Z, INFO]  ! Search speed (br. / s) : 200.0
[2019-05-29T22:12:09Z, INFO]  ! ----------------------------------------------------------------------------
[2019-05-29T22:12:09Z, INFO] Total time spent in post processing: 6 msecs.
[2019-05-29T22:12:09Z, INFO] Solve finished with status: OPTIMAL_SOLUTION.
